GO EAST
SAY HELLO
TAKE NOTE
ASK ABOUT WRISTBAND
TAKE CHEST
GO EAST
GO EAST
GO EAST
GO EAST
GIVE NOTE TO GUARDS
WEST
MOVE MAT
TAKE WOODEN KEY
EXAMINE FOUNTAIN
LOOK IN BASIN
TAKE CHIT
EXAMINE CLOTHES
LOOK IN POCKET
GIVE CHEST TO ADVENTURER
TAKE METAL KEY
UNLOCK TOOLSHED WITH METAL KEY
UNLOCK DOOR WITH METAL KEY
OPEN DOOR
ENTER SHED
TAKE HOE AND RAKE
EXAMINE WORKBENCH AND LOOK UNDER IT
TAKE TROWEL
LEAVE SHED
WEST
WEST
WEST
WEST
NORTH
NORTH
NORTH
REMOVE SHIRT
TIE RAKE TO HOE WITH SHIRT
LEVER BOULDER WITH RAKE AND HOE
UNTIE SHIRT
DROP RAKE AND HOE
COVER WRISTBAND WITH SHIRT
SOUTH
WEST
NW
UP
TAKE RICE
EAST
se
NE
UNCOVER WRISTBAND
WEAR SHIRT
UP
UP
CLIMB ROCKS
UP
UP
PUT SNOW IN BOWL
DOWN
DOWN
DOWN
SOUTH
DOWN
SOUTH
WEST
NW
UP
GIVE BOWL TO GURU
EAST
SW
SOUTH
SE
EXAMINE STUMP
TAKE POUCH
OPEN IT
EXAMINE IT
MIX BLUE, GREEN AND RED
SOUTH
UP
UNLOCK WOODEN DOOR WITH WOODEN KEY
OPEN DOOR
EAST
CLOSE DOOR
MOVE FLOORBOARD
DOWN
DOWN
EAST
NORTH
MOVE RUG
EXAMINE SAFE
LOOK UNDER SAFE
SOUTH
EAST
WEST
WEST
WEST
NW
PUSH BUTTON
SE
SW
WEST
OPEN DOOR
WEST
WEAR HARD HAT
EXAMINE CUSHIONS
MOVE THEM
PICK UP COIN
WEST
EAST
EAST
NE
NW
SLIDE DOOR
ENTER LIFT
SLIDE DOOR
PICK UP ROPE
EXAMINE LIFT
EXAMINE BUTTONS
PUSH SECOND BUTTON
SLIDE DOOR 
LEAVE LIFT
TAKE LUMPS WITH TROWEL
ENTER LIFT
SLIDE DOOR
PRESS FIRST BUTTON
SLIDE DOOR
SOUTH
SE
EAST
UP
UP
OPEN DOOR
WEST
DOWN
EAST
EAST
EAST
NORTH
NORTH
BUY BEER AND WHISKY WITH COIN
NW
UP
UP
CLIMB ROCKS
EAST
EAST
EAST
DOWN
EAST
READ REM STATEMENT
EAST
PUT BOTTLES IN POUCH
INV
REMOVE HAT
PUT BEER BOTTLE IN HAT
DROP ALL
UP
UP
BREAK WALL
EAST
TAKE ALL
DROP METAL AND WOODEN KEY
DROP KEYS
TAKE LUMPS
NORTH
MOVE PEDESTAL
EXAMINE NICE
EXAMINE NICHE
TAKE KEY
NORTH
NORTH
SOUTH
SOUTH
EAST
WEST
EXIT MAZE
SOUTH
WEST
WEST
NORTH
READ POSTER
NORTH
GIVE RICE TO ALCHEMISTS
GIVE LUMPS TO ALCHEMISTS
NW
WEST
NORTH
NORTH
NORTH
NORTH
NE
NORTH
TEAR PAPER WALL WITH TROWEL
OPEN CUPBOARD
TIE ROPE TO HOOK
CLIMB DOWN
DROP ROPE
DOWN
OPEN DOORS
EXAMINE DOORS
KNOCK KNOCKER
AGAIN
AGAIN
AGAIN
AGAIN
LOOK AT PORTER
GIVE WHISKY TO PORTER
EAST
SOUTH
NORTH
DOWN
NORTH
GIVE BEER TO JERRY
SOUTH
EAST
OPEN POUCH
PUT WHITE IN POUCH
CLOSE POUCH
EAST
SOUTH
NORTH
NORTH
EAST
SAY DEVIL HELLO
ASK DEVIL ABOUT KRONOS
ASK DEVIL ABOUT WRISTBAND
OPEN POUCH
TAKE WHITE FROM POUCH
LOOK
PUT POTION BOTTLE IN POUCH
SOUTH
EAST
SE
SOUTH
SOUTH
WEST
UP
WEST
WEST
WEST
DROP ALL
EAST
EAST
EAST
WES
WEST
WEST
WEST
TAKE WHITE and blue key
WEST
EAST
EAST
EAST
EAST
DOWN
NORTH
NORTH
NW
WEST
NORTH
NORTH
NORTH
NORTH
NE
NORTH
TAKE ROPE
UNTIE ROPE
SOUTH
SOUTH
SOUTH
SOUTH
SOUTH
EAST
SE
SOUTH
SOUTH
UP
WEST
WEST
WEST
INC
INV
NORTH
UP
UP
SOUTH
EAST
WEST
MELT SNOEMAN WITH WHITE
MELT SNOWMAN WITH WHITE
PICK UP WHITE
ENTER CASTLE
ENTER TOWER
WEST
WEAR BOOTS
EAST
UP
UNLOCK DOOR WITH BLUE KEY
OPEN DOOR
NORTH
ASK ABOUT KRONOS
ASK ABOUT WRISTBAND
EXAMINE BED
LIE IN BED
TIE ROPE TO BED
OPEN WINDOW
PICK UP PRINCESS
EAST
DROP ROPE
DOWN
NORTH
DOWN
DOWN
DOWN
DOWN
SOUTH
SE
EAST
EAST
EAST
EAST
WEST
WEST
WEST
WEST
NORTH
NORTH
NORTH
UP
UP
CLIMB ROCKS
PICK UP TROWEL
EAST
EAST
EAST
DOWN
NORTH
NORTH
NE
TAKE ALL
SW
NW
WEST
INV
EAST
SE
S
S
UP
W
W
W
W
TAKE POUCH
E
E
E
E
DOWN
N
N
NW
W
N
N
N
N
NW
SHINE WHITE AT SHADOWS
LOOK AT SHADOWS
POINT AT SHAPES
NORTH
THROW THE POTION BOTTLE AT KRONOS
EXAMINE AEROSOUL
PUSH NOZZLE
LOOK
EXAMINE PILE
EXAMINE CLOTHES
WEAR CLOAK AND HAT
THE POINTY HAT
EXAMINE TOP HAT
TAKE TOP HAT
TAKE WAND
SOUTH
SE
SOUTH
SOUTH
SOUTH
SOUTH
EAST
SE
SOUTH
SOUTH
UP
WEST
WEST
WEST
DOWN
DOWN
SOUTH
SOUTH
SOUTH
SOUTH
SOUTH
WEST
WEWEST
WEST
UP
EAST
DOWN
DOWN
WEST
SW
WEST
WEST
LOOK
EXAMINE WORKTOP
GIVE CARROT TO RABBIT
TAKE CARROT
GIVE CARROT TO RABBIT
EAST
EAST
NE
EAST
UP
UP
UP
WEST
DOWN
EAST
EAST
NORTH
NORTH
NORTH
NORTH
NORTH
UP
CLIMB ROCKS
up
UP
SOUTH
WEST
MELT SNOWMAN
THE WHITE
PICK UP WHITE
ENTER TOWER
UP
NORTH
TAKE ROPE 
UNTIE ROPE
SOUTH
DOWN
SW
EAST
NORTH
DOWN
DOWN
EAST
EAST
EAST
EAST
DOWN
NORTH
NORTH
NW
NORTH
WEST
NORTH
NORTH
NORTH
NORTH
NE
NORTH
TIE ROPE TO HOOK
CLIMB DOWN
DROP ROPE
DOWN
E
E
SOUTH
NORTH
DOWN
EAST
NORTH
SOUTH
PUT WHITE IN POUCH
CLOSE POUCH
EAST
NORTH
EAST
GIVE AEROSOUL TO DEVIL
WEST
SOUTH
WEST
UP
WEST
OPEN POUCH
WEST
GET ROPE
CLIMB ROPE
SOUTH
UNTIE ROPE
SOUTH
SOUTH
SOUTH
SOUTH
SOUTH
EAST
SE
S
S
UP
W
W
W
DOWN
DOWN
SOUTH
SOUTH
SOUTH
EAST
EAST
EAST
EAST
ENTER SHED
TAKE POT
LEAVE SHED
WEST
WEST
WEST
WEST
NORTH
NORTH
NORTH
UP
CLIMB ROCKS
EAST
EAST
EAST
DOWN
SOUTH
OPEN DOORS
SOUTH
OPEN DOOR
SOUTH
PLANT THE PLANT IN THE POT WITH THE TROWEL
KNOCK ON DOOR
SAY NO
SOUTH
EXAMINE LISTING
DEBUG
NORTH
NORTH
NORTH
NORTH
NORTH
TAKE ALL
NW
WEST
NORTH
NORTH
NORTH
NORTH
NW
SAY HELLO
NORTH
EXAMINE RACK
TAKE WANDS
DROP
DROP ALL
EXAMINE WANDS
QUIT
Q
Y
