
pull rope
w
sw
n
say hello
ask about the castle
ask about the baron
say "old school"
help man
enter castle
w
examine bucket
take coal
break it
leave coal
take fossil
s
s
examine settee
examine cushion
open it
examine it
take note
examine it
n
examine paintings
take oil painting
n
e
drop painting
e
examine table
look under it
examine cage
s
examine cupboard
open it
examine it
take poison and jar
s
examine cabinet
open it
examine it
take key
s
eaxmine bed
examine bed
look under it
take tub
go to entrance hall
drop all but note
s
ask about the rae
ask about the race
bet on the grey rat
the note
take bird cage
examine cheque
go to entrance hall
take swag bag
e
s
n
w
up
e
n
examine cue rack
take cue
hit red ball with cue
open it
examine it
take diamond ring
s
s
e
n
examine stool
open it
examine it
take pastic bag
take plastic bag
s
s
open wardrobe
examine it
take dress
wear it
take off dress
look under bed
take it
examine bed
open sewing box
examine it
attach cotton to cue
take cotton and needle
attach cotton to cue
open tub
go to dining hall
stop
w
open tub
examine it
take maggot and attach it to the needle
put maggot on needle
go to kitchen
open swag bag
take out lamp
turn it on.
e
open door
n
remove pipe
examine drainage system
open stopcock
look
close stopcock
down
examine bottles
open red bottle
examine it
drink wine
take ruby
take champagne bottle
up
s
s
examine cube
take it
move boxes
s
fish in moat
examine fish
open night safe
put in designer dress
the night safe
put in ruby
the night safe
close night safe
open night safe
put in ruby
the night safe
close night safe
open night safe
put china pot in night safe
close night safe
inv
open night safe
put diamond ring and plastic bag in night safe
close night safe
inv
go to entrance hall
put rat posion on fish
put rat poison on fish
give fish to bear
e
give fish to bear
inv
w
take key
e
open cage with key
the cubic cage
take chalice
close cubic cage
w
drop chalice
up
e
n
s
w
w
examine desk
read paperback
examine box
take box
open it
examine it
close it
e
n
open device
examine device
take paper
s
s
s
examine bed
look under it
examine cabinet
take mirror
open swag bag. put mirror in swag bag. close swag bag.
examine cabinet
open it
examine it
examine painting
remove it
sit on bed
push top button with cue
examine bookshelf
read diary
examine cauldron
take sachet
w
go to entrance hall
n
examine door
rub horseshoe
e
open jam jar
go to entrance hall
drop key and take jar
go to stables
open jar
close jar
go to entrance hall
take fossil
go to kitchen
e
s
s
open night safe. put fossil in night safe. close night safe.
n
n
w
go to entrance hall
take oil painting
go to gloomy passage
s
s
open night safe.
put oil painting in
put painting in night safe
close it
close night safe
go to entrance hall
s
s
s
e
s
s
examine mill
say hello
shout hello
shout stop the mill
s
take gum
say thank you
ask about lute
buy lute
with cheque
open swag bag.
put lute in swag bag.
close swag bag.
n
open swag bag
examine lute
take plectrum
examine it
e
w
w
s
s
examine board
s
se
up
take rhinoceros
nw
ne
open door
down
ne
nw
se
nw
sw
up
e
examine organ
take keys
w
ne
down
ne
se
nw
ne
sw
nw
down
e
se
se.n.e.e.se.s.sw.e.
se
e
take statuette
open door
unlock it
the ebony key
open it
e
examine pamphlet
w
nw
ne
se
sw
look
w
ne
nw
nw.n.nw.e.sw.sw.nw.n.
nw
up
ne
nw
se
s
examine railings
examine bees
examine honey
n
n
n
n
n
e
w
w
w
ne
sw
se
open iron gate
se
examine headstones
ask about the graves
examine tree
take berries
nw
s
examine door
break glass
s
s
examine counter
open flap
s
examine till
push button
examine till
take coin
n
n
n
nw
sw
go to entrance hall
inc
inv
all but swag bag and lamp.
drop all but swag bag and lamp
inv
take cue
take jar
look
take coin
go to junction chamber
break bars
sw
examine skeleton
take finger bone and chest
s
w
untie ladder
down
n
up
n
go to circular chamber
ne
ne
e
look
examine toll gate
put coin in slot
e
n
e
w
w
open  jam jar
drop jar
take spider
examine spider
close jar
shake palm
shake palm tree
take coconut
take succulents
e
n
s
s
w
take snake skin
w
e
n
n
w
take jar
inv
go to entrance hall
take ivory key
go to insect house
e
e
unlock door with ivory key
open it
e
take food
examine desk
examine drawer
open it
examine it
take grotty key and magazine
read magazine
take spade
break coconut with spade
e
w
n
n
e
feed macaw with coconut
go to temple
go to copse
s
w
s
s
nw
down
se
se.n.e.e.se.s.sw.e.
se
unlock sarcophagus with finger bone
open it
examine it
examine skull
take skull
go to main bedroom
no
nw.n.nw.e.sw.sw.nw.n.
go to main bedroom
sit on bed.
put top button with cue
push top button with cue
push button
bottom
sit on bed
push top button with cue
open chest
examine it
examine skull
take eye and heart
put berries, skull, eye and snake skin in cauldron
go to entrance hall
take berries
take sachet and wooden cube
go to main bedroom
push bottom button
sit on bed
push top button with cue
put snake skin, berries, eye and heart in cauldron
put wooden cube in cauldron
open sachet
put powder in cauldron
examine cube
examine cauldron
take anticube
go to entrance hall
take cage and open it.
go to office
e
ne
open door
ne
unlock small door with grotty key
open it.
nw
close door
take mynah bird. put it in cage. close the cage.
se
open door
say hello
ne
se
se
sw
mynah, hello
go to junction chamber
se
ne
nw
nw
sw
examine wax
examine mynah bird
inv
go to entrance hall
leave cage
go to muddy room
open swag bag.
take mirror
reflect beam with mirror to wax
catch gem
nw
ne
nw
rub succulents on feet
up
up
se
take yellow die
roll it
five
se
se
take red die and roll it
five
nw
sw
take green die and roll it.
five
ne
ne
take blue die and roll it
five
sw
look
examine openings
examine podium
examine case
examine slots
put red die in first slot. 
put green die in second slot.
put blue die in third slot.
put yellow die in fourth slot
examine case
take plastic die
nw
nw
down
put succulents on feet
drop succulents
down
go to antechamber
s
inv
drop skull
drop magazine
take statue
look
drop statue
n
n
n
take brooch
examine sand
dig
dig in sand
take boots
put on boots
w
down
down
go to entrance hall
inv
examine swag bag
put anticube and cage and champagne bottle and die in swag bag
drop all but lamp
take brooch and gem and chalice
go to junk room
s
open night safe
inv
put brooch in safe.
close safe
open safe
put gem in safe.
close safe
open safe
put chalice in safe
close safe
go to dining hall
go to entrance hall
take rhinoceros and statuette
go to junk room
s
open night safe
put rhinoceros in safe
close safe
open it
put statuette in
put statuette in safe
close safe
go to entrance hall
take lute and plectrum and gum and bottle and cage and die and anticube
mynah, hello
go to outside of shop
go to fork in the road
s
w
examine notice
examine door
read notice
open night safe.
put silver plectrum in
put silver plectrum in night safe.
close safe
read notice
read notice
go to antechamber
s
examine altar
take incense burner
n
open night safe
put burner in safe
close safe
go to shop front
n
w
read notice
go to antechamber
s
s
examine bees
examine beehive
take gloves
go to entrance hall
inv
go to waterfall
down
n
look
put on gloves
up
take pick
down
west
get minerals with pick
inv
drop pick
get stone
go to shop front
n
w
open night safe.
put minerals in safe
inv
put chips in night safe
close safe
read notice
read notice
take plastic card out of pocket
take plastic card out of pocket
examine pocket
take plastic card
put anticube in pocket
put cube in pocket
put die in pocket
chew gum
mynah, HORRAY.
mynah, hooray
mynah, hooray
say mynah, hooray
mynah, hooray
open door
south
go to further queue
enter queue
longer 
show card to teller
drop cage and bottle
shake bottle
wait
wait
put gum in keyhole
play lute and sing urfanore pendra
south
inv
look in pocket
e
examine die
roll two
roll die
two
down
roll one
one
nw
roll
roll die
six
down
roll five
roll die
five
w
examine die
roll die
four
down
examine die
take all
examine pillar
examine weighing machine
examine cube
swap cube with die
put die and anticube on weighing machine
get cube and anticube
score
look
examine room
get white
look
nw
go to boathouse
down
rub succulents on feet
down
go to scrub
e
e
inv
pull rope
e
q
y
