GO EAST
Examine Platform
Get Note
Ask Kronos About Wristband
Get Chest
GO EAST, GO EAST, GO EAST, GO EAST
Show Note To Guards
GO WEST
Look In Fountain
Get Chit
Lift Mat
Get Wooden Key
Examine Pocket
Unlock Door With Metal Key, Open It
Give Chest To Adventurer
Get Adventurer
Put Adventurer On Horse
GO SOUTHWEST, Examine Workbench
Get Hoe, Rake And Trowel
Look Under Workbench
Plant Pot Plant In Plant Pot With Trowel
GO NORTHEAST
Mount Horse,GO WEST,GO WEST,GO WEST,GO WEST,GO NORTH,GO NORTH,GO NORTHWEST,GO NORTHWEST
Dismount Horse, Remove Shirt, Cover wristband With Shirt
GO UP
GO EAST, GO EAST, GO NORTHEAST, Remove Shirt, TIE Hoe To Rake With Shirt
Lever Boulder With Hoe And Rake
Untie Shirt, Wear It, Drop Rake And Hoe, GO UP, Climb Rocks
GO UP, GO UP, Fill Bowl With Snow
GO DOWN, DOWN, GO DOWN, GO DOWN, GO SOUTH, GO NORTHWEST, GO NORTHWEST, GO UP, Give Bowl To Guru
Get Rice, GO EAST, GO SOUTHEAST, GO SOUTH, GO SOUTH, Look In Stump
Get Pouch, Open It
Get Red, Blue And Green
Mix Red, Blue And Green
GO NORTH,GO NORTH,GO NORTHWEST, Mount Horse, GO EAST, GO EAST,GO NORTH, GO UP
Climb Rocks,GO EAST,GO EAST,GO EAST, GO DOWN,GO EAST,GO EAST
Dismount
Put Pouch, Trowel, Rice, Wooden Key, Chit, White On Horse
GO UP, GO UP, Hit Wall
GO EAST,
Get All From Horse, PUT ADVENTURER ON HORSE, GO NORTH, Move Pedestal
Look In Niche
Get Blue Key, SOUTH, Remove Shirt
gringo
GO WEST,GO WEST,GO UP,GO WEST,GO WEST
GO WEST,GO DOWN,GO DOWN,GO SOUTH,
GO WEST,GO SOUTH,GO SOUTH,GO SOUTH,GO UP
Unlock Door With Wooden Key, Open It, GO EAST
Close Door
Move BOARDS
GO DOWN,GO DOWN, GO EAST, GO NORTH, Move Rug
Unlock Safe With Blue Key, Open It, Look Under It
Get Paper, GO SOUTH, GO EAST, Put Paper In Large Box
GO WEST,GO WEST,GO WEST, GO SOUTHWEST, Open Door,GO WEST
Get Hard Hat, Wear It, Examine Settee
Move Cushions
Get Coin,GO WEST, Look On Stove, Get Teapot
Look On Worktop, Get Carrot,GO EAST,GO EAST,GO NORTHEAST,GO NORTHWEST
Press Button
Wait
Wait
Wait
Wait
Slide Door, GO NORTH, Get Rope, Slide Door
Press Second Button
Slide Door, GO SOUTH
Wear Shirt
Get Lumps With Trowel, GO NORTH, Slide Door
Press First Button
Slide Door, GO SOUTH, GO SOUTHEAST, GO EAST, GO UP, GO UP
Open Door, GO WEST, GO DOWN, GO NORTHEAST, GO NORTHEAST, GO NORTHEAST, GO NORTH
Drop Trowel, Carrot, Wooden Key And Teapot
Buy Whisky Bottle And Beer Bottle With Coin
GO NORTHWEST,GO UP, Climb Rocks,GO UP,GO UP,GO SOUTH,GO WEST
Melt Snowman With White
GO NORTHEAST, GO WEST, Get Boots, Wear Them
Get Prism, Put It In Pouch
GO EAST, GO SOUTHWEST
Get White,GO NORTH,GO EAST,GO DOWN,GO DOWN,GO EAST,GO EAST,GO EAST,GO DOWN,GO NORTH,GO NORTH
Give Rice To Alchemists, Give Lumps To Alchemists
GO NORTHEAST, Get Aerosoul
GO SOUTHWEST,GO NORTHWEST,GO WEST,GO NORTH,GO NORTH,GO NORTH,GO NORTHEAST,GO NORTH
Cut Paper Wall With Boots
Open Cupboard, Examine It
Tie Rope To Hook, Climb Rope
Drop Rope, GO SOUTH, Put White In Pouch
Knock On Doors
Knock On Doors
Knock On Doors
Knock On Doors
Knock On Doors
Give Whisky Bottle To Porter
GO EAST,GO DOWN,GO NORTH
Give Beer Bottle To lewis
GO SOUTH
Close Pouch
GO EAST,GO NORTH,GO EAST
Ask Devil About Wristband
Get Bottle,GO NORTH,GO NORTH, Open Pouch, Get White
GO NORTHWEST, Look In Shadows
Point At Shadows, Shine White At Shadows
GO NORTH, Throw potion bottle At magician
examine AEROSOUL
Press AEROSOUL BUTTON
Examine Rack, Get Wands
Get Pointy Hat, Wear It, Get Cloak, Wear It, Get Wand
GO SOUTH, GO SOUTHEAST, GO NORTHEAST, GO NORTH, Get Rope, Climb It, Drop It
GO SOUTH, Put White In Pouch, Close Pouch
GO EAST,GO DOWN,GO EAST,GO NORTH,GO EAST
Give Aerosoul To Devil
GO WEST,GO SOUTH,GO WEST,GO UP, Open Pouch, Get White
GO WEST,GO NORTH, Get Rope, Climb It, Drop It
GO SOUTH,GO SOUTH,GO SOUTH,GO SOUTH,GO SOUTH,GO EAST,GO SOUTHEAST, GO NORTHEAST
Cast Spell On Tomes, Read Tomes
GO SOUTHWEST,GO SOUTH,GO SOUTH,GO SOUTH, Open Doors,GO SOUTH, Knock On Door
Say "No"
GO SOUTH
Debug
GO NORTH,GO NORTH,GO NORTH
Get On The Horse
GO UP,GO WEST,GO WEST,GO WEST,GO DOWN,GO DOWN,GO SOUTH,GO SOUTH,GO SOUTH,GO SOUTH,GO SOUTH,GO SOUTH
Score
Look At The Waterfall
