
inventory
wait
wait
wait
GIVE TICKET TO INSPECTOR
wait
wait
push button
wait
wait
wait
wait
leave bus
get keyring
wait
pray
read document
open gate
n
open door with iron key
n
nw
open cello case
take case
look under bed
take sock
open wardrobe and look in it.
take shoes and put them in case.
n
look on table
take opener then put it in case
drop ticket and document
e
s
answer phone
n
examine table
take tablecloth
open door with iron key
n
take all and wear gloves
n
e
wave cloth at bull
throw cloth at bull
se
drop cutters
e
get bottle and examine it
w
se
s
examine door
get all 
look in boat
get bung and put can in case
go to kitchen
go to library
n
nw
nw
w
s
s
w
open fridge
put plastic bottle in fridge
close fridge
score
e
n
n
e
se
s
open door with rusty key
sw
w
look on table
get candles and matches
get candle and match box
s
sw
s
listen
wear spectacles
n
ne
n
e
ne
look in mailbox
get and read note
get note and read it
sw
w
s
dial 300
of
n
e
open trapdoor
d
take cheese
up
put cheese on trap
set trap
drop trap
open matchbox and get match
light match then light candle
the match
heat plastic key with candle
again
ne
open mailbox with plastic key
open parcel
get charm and read letter
examine charm
n
nw
e
w
s
s
w
open fridge
get milk bottle
drink milk
examine plastic bottle
get oil with milk bottle
e
n
n
e
se
s
sw
examine trap
get mouse
put all but charm in case
ne
n
se
s
put oil on runners
put drop in cello case
open door
s
look in sack
get amethyst charm and examine it
drop sack
examine canoe
put mouse in hole
put canoe in water
get in canoe
get paddle
s
s
drop case and paddle
get opener and can
leave canoe
d
open can with opener
drop opener
put worms on dirt
drop can
move dirt
e
e
get all
w
w
up
remove trousers and shirt
wear wetsuit, flippers and mask
i
drop trousers and short
drop trousers and shirt
n
d
nw
wear aqualung
n
open hatch
d
examine panel
examine buttons
close hatch
push left button
remove aqualung
examine door
turn wheel
open door
e
d
examine desk
examine notecase
take coin
open door
east
w
u
w
push right button
e
d
e
wait
wear aqualung
wait
up
examine chandelier
get charm
down
w
up
w
open hatch
up
s
se
up
s
remove aqualung
examine unicorn charm
drop aqualung, wetsuit, flippers and mask
wear trousers and shirt
get in canoe
get paddle and case
n
sw
drop paddle then leave canoe
drop paddle
leave canoe
s
nw
read notice
ask for job
d
e
open sack
sift flour with sieve
sieve flour
the sieve
sieve the flour with sieve
w
examine table
put charm in tin
e
take charm
examine pelican charm
w
put pelican charm in tin
open oven
put tin in oven
close oven
push button
wait
push button
open oven
get bread
up
se
give bread to baker
take bread
break bread
take charm
drop case
se
watchercallit coin
buy beer with coin
drink beer
waterchallit glass
watchercallit glass
look at hearth
oojimy fire
get ash
n
get two-ferg coin
d
get two-ferg coin
up
s
nw
sw
doofer unicorn
doofer fire engine
get saddle
ne
get sock
put ash in case
ne
open door
ne
send saddle to station
gvie two-ferg coin to postmistress
give two-ferg coin to postmistress
put sock in bell
open door
sw
ne
open door
ne
examine safe
TURN BOTTOM RIGHT HANDLE. TURN TOP RIGHT HANDLE. TURN BOTTOM RIGHT HANDLE. TURN BOTTOM RIGHT HANDLE.
TURN TOP LEFT HANDLE
open safe
look in safe
get charm
open door
sw
examine dragon charm
get case
sw
drop case
look through window
get bottle
knock on door
throw bottle at lamp
get ladder
sw
examine ladder
OOJIMY STOOL 
get stool
e
lead ladder against girder
lean ladder against girder
drop stool
w
ne
get shoes
wear shoes
get harmonica, ash, matchnox and candle.
get harmonica, ash, matchbox and candle.
sw
e
get on stool
climb ladder
jump north
tingy weatherman
thingy weatherman
the sun weatherman
thingy rain weatherman
thingy
examine rain weatherman
take hat
hold onto rain weatherman
doodah
get on cloud
doofer cloud
get up
e
e
n
n
open door
w
get saddle
e
s
s
w
buy ticket with coin
put coin in hat
put hat down
doofer shoes
play harmonica
play harmonica
play harmonica
play harmonica
get one ferg coin
buy ticket with one ferg coin
e
get ticket
n
get ticket
n
get ticket
n
get ticket
run after train
run after train
show ticket to guard
wait
w
put saddle on unicorn
get on unicorn
doofer unicorn
get off unicorn
down
remove shoes
drop them
e
n
e
d
open door
n
tie rope to manacles
wake xam
get match
light it
light candle with match
put candle in glass
watchercallit matchbox
put glass under rope
n
wait
n
up
examine fireplace
ne
open door
e
e
examine dome
examine blocks
SLIDE 5, SLIDE 8, SLIDE 1, SLIDE 6,
SLIDE 7, SLIDE 2, SLIDE 9, SLIDE 5, SLIDE 3, SLIDE 4
get bracelet
put all charms on bracelet
w
w
sw
nw
u
u
score
open right door
n
get crystal ball
s
d
d
se
look in ball
look in ball
look in ball
look in ball
doofer ball
put ash on hearth
up
wait
wait
put bracelet on wrist
wait
wait
q
y
